<?xml version="1.0" encoding="UTF-8"?>
<!-- Generated by org.testng.reporters.JUnitXMLReporter -->
<testsuite ignored="0" hostname="DESKTOP-6RCPDA2" failures="1" tests="2" name="testNG practice" time="10.603" errors="0" timestamp="2020-05-01T20:44:26 IST">
  <testcase classname="testNGexamples.day1TestNG" name="testcase" time="0.007"/>
  <testcase classname="testNGexamples.GoogleTest" name="titleTest" time="0.023">
    <failure type="java.lang.AssertionError" message="title is not matching expected [Facebook] but found [Google]">
      <![CDATA[java.lang.AssertionError: title is not matching expected [Facebook] but found [Google]
at testNGexamples.GoogleTest.titleTest(GoogleTest.java:35)
at java.base/java.util.ArrayList.forEach(ArrayList.java:1507)
... Removed 31 stack frames]]>
    </failure>
  </testcase> <!-- titleTest -->
</testsuite> <!-- testNG practice -->
